<?xml version="1.0" encoding="UTF-8"?>
<!-- Generated by org.testng.reporters.JUnitXMLReporter -->
<testsuite ignored="0" hostname="VEDIKIN-PC-6" failures="1" tests="1" name="Test" time="203.853" errors="0" timestamp="2024-09-16T16:14:19 IST">
  <testcase classname="testPackage.CheckWebsiteTestCaase" name="verifyWebsiteSecurity" time="200.453">
    <failure type="java.lang.AssertionError" message="One or more websites are not secure.">
      <![CDATA[java.lang.AssertionError: One or more websites are not secure.
at testPackage.CheckWebsiteTestCaase.verifyWebsiteSecurity(CheckWebsiteTestCaase.java:66)
at java.base/java.util.ArrayList.forEach(ArrayList.java:1596)
... Removed 26 stack frames]]>
    </failure>
  </testcase> <!-- verifyWebsiteSecurity -->
</testsuite> <!-- Test -->
